<?xml version="1.0" encoding="UTF-8"?>
<!-- Generated by org.testng.reporters.JUnitReportReporter -->
<testsuite hostname="Tushar" failures="0" tests="1" name="bikes.HarleyDavidSonTest" time="7.085" errors="0" timestamp="2024-07-30T13:54:35 IST" skipped="0">
  <testcase classname="bikes.HarleyDavidSonTest" name="HarleyLaunch" time="7.085"/>
  <system-out>
    <![CDATA[-----------HarleyDavidSon launched successfully-------------]]>
  </system-out>
</testsuite> <!-- bikes.HarleyDavidSonTest -->
