<?xml version="1.0" encoding="UTF-8"?>
<!-- Generated by org.testng.reporters.JUnitReportReporter -->
<testsuite hostname="Tushar" failures="0" tests="1" name="sample.SampleTest" time="0.008" errors="0" timestamp="2024-07-29T11:10:34 IST" skipped="0">
  <testcase classname="sample.SampleTest" name="demo" time="0.008"/>
  <system-out>
    <![CDATA[Sample Test Class]]>
  </system-out>
</testsuite> <!-- sample.SampleTest -->
