<?xml version="1.0" encoding="UTF-8"?>
<!-- Generated by org.testng.reporters.JUnitReportReporter -->
<testsuite hostname="Tushar" failures="0" tests="1" name="extentRepoters.ToLearnExtentReport" time="0.367" errors="0" timestamp="2024-08-09T11:58:58 IST" skipped="0">
  <testcase classname="extentRepoters.ToLearnExtentReport" name="createReport" time="0.367"/>
  <system-out/>
</testsuite> <!-- extentRepoters.ToLearnExtentReport -->
