<?xml version="1.0" encoding="UTF-8"?>
<!-- Generated by org.testng.reporters.JUnitReportReporter -->
<testsuite hostname="Tushar" failures="0" tests="1" name="sample.Sample" time="0.012" errors="0" timestamp="2024-07-26T12:01:16 IST" skipped="0">
  <testcase classname="sample.Sample" name="demo" time="0.012"/>
  <system-out>
    <![CDATA[sample class Executed--]]>
  </system-out>
</testsuite> <!-- sample.Sample -->
