<?xml version="1.0" encoding="UTF-8"?>
<!-- Generated by org.testng.reporters.JUnitReportReporter -->
<testsuite hostname="Tushar" failures="0" tests="1" name="bikes.YamahaTest" time="4.211" errors="0" timestamp="2024-07-30T13:55:08 IST" skipped="0">
  <testcase classname="bikes.YamahaTest" name="YamahaLaunch" time="4.211"/>
  <system-out>
    <![CDATA[-----------Yamaha launched successfully-------------]]>
  </system-out>
</testsuite> <!-- bikes.YamahaTest -->
