<?xml version="1.0" encoding="UTF-8"?>
<!-- Generated by org.testng.reporters.JUnitReportReporter -->
<testsuite hostname="Tushar" failures="0" tests="1" name="extentRepoters.ToAddScreenShotIntoReport" time="12.030" errors="0" timestamp="2024-08-09T12:07:42 IST" skipped="0">
  <testcase classname="extentRepoters.ToAddScreenShotIntoReport" name="addScreenshot" time="12.030"/>
  <system-out/>
</testsuite> <!-- extentRepoters.ToAddScreenShotIntoReport -->
